0 info it worked if it ends with ok
1 verbose cli [ '/usr/local/bin/node', '/usr/local/bin/npm', 'publish' ]
2 info using npm@2.5.1
3 info using node@v0.12.0
4 verbose publish [ '.' ]
5 silly cache add args [ '.', null ]
6 verbose cache add spec .
7 silly cache add parsed spec { raw: '.',
7 silly cache add   scope: null,
7 silly cache add   name: null,
7 silly cache add   rawSpec: '.',
7 silly cache add   spec: '/var/www/better-inherits',
7 silly cache add   type: 'directory' }
8 verbose addLocalDirectory /home/andr/.npm/better-inherits/0.1.7/package.tgz not in flight; packing
9 verbose tar pack [ '/home/andr/.npm/better-inherits/0.1.7/package.tgz',
9 verbose tar pack   '/var/www/better-inherits' ]
10 verbose tarball /home/andr/.npm/better-inherits/0.1.7/package.tgz
11 verbose folder /var/www/better-inherits
12 info prepublish better-inherits@0.1.7
13 verbose addLocalTarball adding from inside cache /home/andr/.npm/better-inherits/0.1.7/package.tgz
14 silly cache afterAdd better-inherits@0.1.7
15 verbose afterAdd /home/andr/.npm/better-inherits/0.1.7/package/package.json not in flight; writing
16 verbose afterAdd /home/andr/.npm/better-inherits/0.1.7/package/package.json written
17 silly publish { name: 'better-inherits',
17 silly publish   version: '0.1.7',
17 silly publish   description: 'util.inherits with an ability to provide a prototype.',
17 silly publish   main: 'index.js',
17 silly publish   directories: { test: 'test' },
17 silly publish   dependencies: {},
17 silly publish   devDependencies:
17 silly publish    { async: '~0.9.0',
17 silly publish      browserify: '~8.1.0',
17 silly publish      chai: '~1.10.0',
17 silly publish      'coffee-script': '~1.8.0',
17 silly publish      colors: '~1.0.3',
17 silly publish      del: '~1.1.1',
17 silly publish      gulp: '~3.8.10',
17 silly publish      'gulp-coffee': '~2.2.0',
17 silly publish      'gulp-concat': '~2.4.3',
17 silly publish      'gulp-debug': '~2.0.0',
17 silly publish      'gulp-rename': '~1.2.0',
17 silly publish      'gulp-sourcemaps': '~1.3.0',
17 silly publish      'gulp-spawn-mocha': '~0.5.2',
17 silly publish      'gulp-uglify': '~1.0.2',
17 silly publish      'gulp-util': '~3.0.2',
17 silly publish      'vinyl-buffer': '~1.0.0',
17 silly publish      'vinyl-source-stream': '~1.0.0' },
17 silly publish   scripts: { test: 'gulp test' },
17 silly publish   repository:
17 silly publish    { type: 'git',
17 silly publish      url: 'https://github.com/fantasticMrFox/better-inherits.git' },
17 silly publish   keywords: [ 'inherits', 'class', 'oop' ],
17 silly publish   author: { name: 'andr' },
17 silly publish   license: 'BSD-2-Clause',
17 silly publish   readme: '# Deprecated #\n\nPlease use *class* keyword with^\n* https://babeljs.io/\n* http://coffeescript.org/\n* http://www.typescriptlang.org/\n* etc.\n\n-----------------------------\n\nImproved util.inherits() and Klass pattern\n--------------------------------\n\n`npm install better-inherits`\n\nHow to use inherits()\n--------------------------\n\n```javascript\n\n    var inherits = require(\'better-inherits\');\n\n    function Point(x, y) {\n        this.x = x;\n        this.y = y;\n    }\n    Point.prototype = {\n        length: function () {\n            return Math.sqrt(this.x * this.x + this.y * this.y);\n        }\n    };\n\n    function Circle(x, y, r) {\n        this._base(x, y); // Point.call(this, x, y);\n        this.r = r;\n    }\n    /*Circle.prototype = */inherits(Circle, Point, {\n        area: function () {\n            return Math.PI * this.r * this.r;\n        }\n    });\n\n    var circle;\n\n    it(\'instance creation\',function() {\n        circle = new Circle(1, 2, 3);\n        circle.x.should.equal(1);\n        circle.y.should.equal(2);\n        circle.r.should.equal(3);\n    });\n\n    it(\'instance of Point\', function() {\n        circle.should.instanceOf(Point);\n    });\n\n    it(\'instance of Circle\', function() {\n        circle.should.instanceOf(Circle);\n    });\n\n    it(\'own method\', function() {\n        circle.area().should.equal(28.274333882308138);\n    });\n\n    it(\'inherited method\', function() {\n        circle.length().should.equal(2.23606797749979);\n    });\n```\n\nKlass pattern\n--------------------------------\n\n```javascript\n\nvar Class = require(\'better-inherits\').Class;\n\nvar Point = new Class({\n    constructor: function(x, y) {\n        this.x = x;\n        this.y = y;\n    },\n    length: function() {\n        return Math.sqrt(this.x * this.x + this.y * this.y);\n    }\n});\n\nvar Circle = new Class({\n    prototype: Point,\n    constructor: function(x, y, r) {\n        this._base(x, y); // Point.call(this, x, y);\n        this.r = r;\n    },\n    area: function() {\n        return Math.PI * this.r * this.r;\n    }\n});\n\nvar circle;\n\nit(\'instance creation\',function() {\n    circle = new Circle(1, 2, 3);\n    circle.x.should.equal(1);\n    circle.y.should.equal(2);\n    circle.r.should.equal(3);\n});\n\nit(\'instance of Point\', function() {\n    circle.should.instanceOf(Point);\n});\n\nit(\'instance of Circle\', function() {\n    circle.should.instanceOf(Circle);\n});\n\nit(\'own method\', function() {\n    circle.area().should.equal(28.274333882308138);\n});\n\nit(\'inherited method\', function() {\n    circle.length().should.equal(2.23606797749979);\n});\n```\nHow to build and test\n----------------\n```\nnpm install\ngulp build\ngulp test\n```\n',
17 silly publish   readmeFilename: 'README.md',
17 silly publish   gitHead: '7d594fbda4f85314dea7e8341aad97a71dcd0880',
17 silly publish   bugs: { url: 'https://github.com/fantasticMrFox/better-inherits/issues' },
17 silly publish   homepage: 'https://github.com/fantasticMrFox/better-inherits',
17 silly publish   _id: 'better-inherits@0.1.7',
17 silly publish   _shasum: 'd0e7507c7049da50c538313f9a2b4e730ebefe4c',
17 silly publish   _from: '.' }
18 silly mapToRegistry name better-inherits
19 silly mapToRegistry using default registry
20 silly mapToRegistry registry https://registry.npmjs.org/
21 silly mapToRegistry uri https://registry.npmjs.org/better-inherits
22 verbose publish registryBase https://registry.npmjs.org/
23 silly publish uploading /home/andr/.npm/better-inherits/0.1.7/package.tgz
24 verbose request uri https://registry.npmjs.org/better-inherits
25 verbose request sending authorization for write operation
26 info attempt registry request try #1 at 3:40:25 PM
27 verbose request using bearer token for auth
28 verbose request id 7fa59fc103f4379d
29 http request PUT https://registry.npmjs.org/better-inherits
30 http 403 https://registry.npmjs.org/better-inherits
31 verbose headers { 'content-type': 'application/json',
31 verbose headers   'cache-control': 'max-age=60',
31 verbose headers   'content-length': '95',
31 verbose headers   'accept-ranges': 'bytes',
31 verbose headers   date: 'Sun, 21 Jun 2015 12:40:26 GMT',
31 verbose headers   via: '1.1 varnish',
31 verbose headers   connection: 'keep-alive',
31 verbose headers   'x-served-by': 'cache-fra1245-FRA',
31 verbose headers   'x-cache': 'MISS',
31 verbose headers   'x-cache-hits': '0',
31 verbose headers   'x-timer': 'S1434890425.886475,VS0,VE772' }
32 verbose request invalidating /home/andr/.npm/registry.npmjs.org/better-inherits on PUT
33 error publish Failed PUT 403
34 verbose stack Error: "You cannot publish over the previously published version 0.1.7." : better-inherits
34 verbose stack     at CachingRegistryClient.<anonymous> (/usr/local/lib/node_modules/npm/node_modules/npm-registry-client/lib/request.js:254:14)
34 verbose stack     at Request._callback (/usr/local/lib/node_modules/npm/node_modules/npm-registry-client/lib/request.js:178:14)
34 verbose stack     at Request.self.callback (/usr/local/lib/node_modules/npm/node_modules/request/request.js:344:22)
34 verbose stack     at Request.emit (events.js:110:17)
34 verbose stack     at Request.<anonymous> (/usr/local/lib/node_modules/npm/node_modules/request/request.js:1239:14)
34 verbose stack     at Request.emit (events.js:129:20)
34 verbose stack     at IncomingMessage.<anonymous> (/usr/local/lib/node_modules/npm/node_modules/request/request.js:1187:12)
34 verbose stack     at IncomingMessage.emit (events.js:129:20)
34 verbose stack     at _stream_readable.js:908:16
34 verbose stack     at process._tickCallback (node.js:355:11)
35 verbose statusCode 403
36 verbose pkgid better-inherits
37 verbose cwd /var/www/better-inherits
38 error Linux 3.13.0-55-generic
39 error argv "/usr/local/bin/node" "/usr/local/bin/npm" "publish"
40 error node v0.12.0
41 error npm  v2.5.1
42 error code E403
43 error "You cannot publish over the previously published version 0.1.7." : better-inherits
44 error If you need help, you may report this error at:
44 error     <http://github.com/npm/npm/issues>
45 verbose exit [ 1, true ]
